[2025-04-30 10:40:07,555] [INFO] Запуск Flask-сервера на http://127.0.0.1:5001
[2025-04-30 10:40:08,991] [INFO] Запуск Flask-сервера на http://127.0.0.1:5001
[2025-04-30 10:40:36,832] [INFO] Запуск синхронизации файлов...
[2025-04-30 10:40:36,833] [INFO] Начинается синхронизация. dry_run=False, skip_telegram=False
[2025-04-30 10:40:36,848] [INFO] Файлы в \\ABAKAROV_M\РАБОТА\:
[2025-04-30 10:40:36,853] [INFO]  - 0604-4837-2_Знак (Тип: )
[2025-04-30 10:40:36,854] [INFO]  - 29.08 (Тип: .08)
[2025-04-30 10:40:36,855] [INFO]  - 3107 (Тип: )
[2025-04-30 10:40:36,856] [INFO]  - 4555.NC (Тип: .NC)
[2025-04-30 10:40:36,857] [INFO]  - 7690-4285_Оправка (Тип: )
[2025-04-30 10:40:36,858] [INFO]  - List1.xlsx (Тип: .xlsx)
[2025-04-30 10:40:36,858] [INFO]  - List2.xlsx (Тип: .xlsx)
[2025-04-30 10:40:36,858] [INFO]  - Programs (Тип: )
[2025-04-30 10:40:36,858] [INFO]  - АП55.00.5020.0162 (Тип: .0162)
[2025-04-30 10:40:36,858] [INFO]  - ВРЕМЯ (Тип: )
[2025-04-30 10:40:36,858] [INFO]  - Втулка для подогревателя ФГОТ_758.758425.002 (Тип: .002)
[2025-04-30 10:40:36,858] [INFO]  - Втулка2 МОС2310731-8022129 (Тип: )
[2025-04-30 10:40:36,859] [INFO]  - Втулка3 МОС2310731-8022131 (Тип: )
[2025-04-30 10:40:36,859] [INFO]  - Дагдизель_время (Тип: )
[2025-04-30 10:40:36,859] [INFO]  - какаятодеталь (Тип: )
[2025-04-30 10:40:36,860] [INFO]  - КЕУР.711322.013 (Тип: .013)
[2025-04-30 10:40:36,860] [INFO]  - КЕУР.711355.005_Фланец (Тип: .005_Фланец)
[2025-04-30 10:40:36,860] [INFO]  - КЕУР.723454_ПЕРЕХОДНИК (Тип: .723454_ПЕРЕХОДНИК)
[2025-04-30 10:40:36,860] [INFO]  - КЕУР.753126.007_Пробка (Тип: .007_Пробка)
[2025-04-30 10:40:36,861] [INFO]  - Крепеж(27.08) (Тип: .08))
[2025-04-30 10:40:36,861] [INFO]  - МВАУ.03.6200.113_Ниппель (Тип: .113_Ниппель)
[2025-04-30 10:40:36,861] [INFO]  - МКРН.724212.145_Корпус (Тип: .145_Корпус)
[2025-04-30 10:40:36,862] [INFO]  - МРКН.724212.145_Корпус (Тип: .145_Корпус)
[2025-04-30 10:40:36,862] [INFO]  - Наконечник (Тип: )
[2025-04-30 10:40:36,862] [INFO]  - Новая папка (Тип: )
[2025-04-30 10:40:36,862] [INFO]  - Оснастка_на_ролик (Тип: )
[2025-04-30 10:40:36,863] [INFO]  - ОСТ 92-0718-72_БОЛТ (Тип: )
[2025-04-30 10:40:36,863] [INFO]  - ОСТ111127-73_Втулка (Тип: )
[2025-04-30 10:40:36,863] [INFO]  - ПОСТПРОЦЕССОРЫ.rar (Тип: .rar)
[2025-04-30 10:40:36,863] [INFO]  - Резьбовая втука М6 (Тип: )
[2025-04-30 10:40:36,864] [INFO]  - Резьбовая втука М8 (Тип: )
[2025-04-30 10:40:36,865] [INFO]  - Ролик(20-13-6) (Тип: )
[2025-04-30 10:40:36,865] [INFO]  - список простаеваемых станков.docx (Тип: .docx)
[2025-04-30 10:40:36,865] [INFO]  - СТ2403.00.00.004_Гайка (Тип: .004_Гайка)
[2025-04-30 10:40:36,866] [INFO]  - УВКУ-50Л.8740-23_Упор (Тип: .8740-23_Упор)
[2025-04-30 10:40:36,867] [INFO]  - ЦЕХ-100 (Тип: )
[2025-04-30 10:40:36,868] [INFO]  - ЦЕХ-17 (Тип: )
[2025-04-30 10:40:36,868] [INFO]  - ЦЕХ-18 (Тип: )
[2025-04-30 10:40:36,868] [INFO]  - ЦЕХ-47 (Тип: )
[2025-04-30 10:40:36,868] [INFO]  - ЦЕХ-53 (Тип: )
[2025-04-30 10:40:36,869] [INFO]  - ЦЕХ-90 (Тип: )
[2025-04-30 10:40:36,869] [INFO]  - ЦЕХ-95 (Тип: )
[2025-04-30 10:40:36,869] [INFO]  - ЦЕХ-99 (Тип: )
[2025-04-30 10:40:36,870] [INFO]  - ЫК.6.110.403_Корпус (Тип: .403_Корпус)
[2025-04-30 10:40:36,870] [INFO]  - ЫК.8.021.449_Корпус (Тип: .449_Корпус)
[2025-04-30 10:40:36,870] [INFO]  - ЫК6.110.368_Корпус (Тип: .368_Корпус)
[2025-04-30 10:40:36,883] [INFO] Хеш для 4555.NC: fdce68967a3ab83b0d45255890a50b0f15e6e0a457a5969b464e3b973d8f82f4
[2025-04-30 10:40:36,884] [ERROR] ❌ Ошибка при синхронизации: Expecting value: line 1 column 1 (char 0)
Traceback (most recent call last):
  File "D:\AvtoInfoSys\app\sync_core.py", line 64, in start_sync
    future.result()
  File "C:\Users\OSATPP IL\AppData\Local\Programs\Python\Python312\Lib\concurrent\futures\_base.py", line 449, in result
    return self.__get_result()
           ^^^^^^^^^^^^^^^^^^^
  File "C:\Users\OSATPP IL\AppData\Local\Programs\Python\Python312\Lib\concurrent\futures\_base.py", line 401, in __get_result
    raise self._exception
  File "C:\Users\OSATPP IL\AppData\Local\Programs\Python\Python312\Lib\concurrent\futures\thread.py", line 58, in run
    result = self.fn(*self.args, **self.kwargs)
             ^^^^^^^^^^^^^^^^^^^^^^^^^^^^^^^^^^
  File "D:\AvtoInfoSys\app\sync_core.py", line 40, in sync_folder
    if is_file_already_synced(ip, file.name, src_hash):
       ^^^^^^^^^^^^^^^^^^^^^^^^^^^^^^^^^^^^^^^^^^^^^^^
  File "D:\AvtoInfoSys\app\database.py", line 11, in is_file_already_synced
    db = json.load(f)
         ^^^^^^^^^^^^
  File "C:\Users\OSATPP IL\AppData\Local\Programs\Python\Python312\Lib\json\__init__.py", line 293, in load
    return loads(fp.read(),
           ^^^^^^^^^^^^^^^^
  File "C:\Users\OSATPP IL\AppData\Local\Programs\Python\Python312\Lib\json\__init__.py", line 346, in loads
    return _default_decoder.decode(s)
           ^^^^^^^^^^^^^^^^^^^^^^^^^^
  File "C:\Users\OSATPP IL\AppData\Local\Programs\Python\Python312\Lib\json\decoder.py", line 337, in decode
    obj, end = self.raw_decode(s, idx=_w(s, 0).end())
               ^^^^^^^^^^^^^^^^^^^^^^^^^^^^^^^^^^^^^^
  File "C:\Users\OSATPP IL\AppData\Local\Programs\Python\Python312\Lib\json\decoder.py", line 355, in raw_decode
    raise JSONDecodeError("Expecting value", s, err.value) from None
json.decoder.JSONDecodeError: Expecting value: line 1 column 1 (char 0)
