2025-05-14 16:44:43 | INFO | ๐ ะะฐะฟััะบ ัะธะฝััะพะฝะธะทะฐัะธะธ...
2025-05-14 16:44:43 | INFO | ๐ ะกะบะฐะฝะธััะตะผ ะฟะฐะฟะบั: Abakarov_m
2025-05-14 16:44:43 | INFO | ๐ ะกะบะฐะฝะธััะตะผ ะฟะฐะฟะบั: Israpilov_m
2025-05-14 16:45:22 | INFO | ๐ค ะัะฟัะฐะฒะบะฐ ะพััะตัะฐ (3 ะฟะพะปัะทะพะฒะฐัะตะปะตะน)...
2025-05-14 16:45:26 | INFO | ๐ค ะััะตั ะพัะฟัะฐะฒะปะตะฝ ะฟะพะปัะทะพะฒะฐัะตะปั 430326400
2025-05-14 16:45:27 | INFO | ๐ค ะััะตั ะพัะฟัะฐะฒะปะตะฝ ะฟะพะปัะทะพะฒะฐัะตะปั 1981662195
2025-05-14 16:45:28 | INFO | ๐ค ะััะตั ะพัะฟัะฐะฒะปะตะฝ ะฟะพะปัะทะพะฒะฐัะตะปั 7310998030
2025-05-14 16:45:28 | INFO | ๐ค ะััะตั ะพัะฟัะฐะฒะปะตะฝ ะฒ Telegram
2025-05-14 16:45:28 | INFO | โ ะกะธะฝััะพะฝะธะทะฐัะธั ะทะฐะฒะตััะตะฝะฐ
2025-05-14 16:52:37 | INFO | ๐ ะะฐะฟััะบ ัะธะฝััะพะฝะธะทะฐัะธะธ...
2025-05-14 16:52:37 | INFO | ๐ ะกะบะฐะฝะธััะตะผ ะฟะฐะฟะบั: Abakarov_m
2025-05-14 16:52:37 | INFO | ๐ ะกะบะฐะฝะธััะตะผ ะฟะฐะฟะบั: Abakarov_m
2025-05-14 16:52:37 | INFO | ๐ ะกะบะฐะฝะธััะตะผ ะฟะฐะฟะบั: Israpilov_m
2025-05-14 16:52:37 | INFO | ๐ ะกะบะฐะฝะธััะตะผ ะฟะฐะฟะบั: Israpilov_m
2025-05-14 16:54:32 | INFO | ๐ค ะัะฟัะฐะฒะบะฐ ะพััะตัะฐ (3 ะฟะพะปัะทะพะฒะฐัะตะปะตะน)...
2025-05-14 16:54:32 | INFO | ๐ค ะััะตั ะพัะฟัะฐะฒะปะตะฝ ะฟะพะปัะทะพะฒะฐัะตะปั 7310998030
2025-05-14 16:54:32 | INFO | ๐ค ะััะตั ะพัะฟัะฐะฒะปะตะฝ ะฟะพะปัะทะพะฒะฐัะตะปั 430326400
2025-05-14 16:54:32 | INFO | ๐ค ะััะตั ะพัะฟัะฐะฒะปะตะฝ ะฟะพะปัะทะพะฒะฐัะตะปั 1981662195
2025-05-14 16:54:32 | INFO | ๐ค ะััะตั ะพัะฟัะฐะฒะปะตะฝ ะฒ Telegram
2025-05-14 16:54:32 | INFO | โ ะกะธะฝััะพะฝะธะทะฐัะธั ะทะฐะฒะตััะตะฝะฐ
2025-05-14 16:55:53 | INFO | ๐ ะะฐะฟััะบ ัะธะฝััะพะฝะธะทะฐัะธะธ...
2025-05-14 16:55:53 | INFO | ๐ ะกะบะฐะฝะธััะตะผ ะฟะฐะฟะบั: Abakarov_m
2025-05-14 16:55:53 | INFO | ๐ ะกะบะฐะฝะธััะตะผ ะฟะฐะฟะบั: Abakarov_m
2025-05-14 16:55:53 | INFO | ๐ ะกะบะฐะฝะธััะตะผ ะฟะฐะฟะบั: Israpilov_m
2025-05-14 16:55:53 | INFO | ๐ ะกะบะฐะฝะธััะตะผ ะฟะฐะฟะบั: Israpilov_m
2025-05-14 16:57:02 | INFO | ๐ค ะัะฟัะฐะฒะบะฐ ะพััะตัะฐ (3 ะฟะพะปัะทะพะฒะฐัะตะปะตะน)...
2025-05-14 16:57:02 | INFO | ๐ค ะััะตั ะพัะฟัะฐะฒะปะตะฝ ะฟะพะปัะทะพะฒะฐัะตะปั 1981662195
2025-05-14 16:57:02 | INFO | ๐ค ะััะตั ะพัะฟัะฐะฒะปะตะฝ ะฟะพะปัะทะพะฒะฐัะตะปั 430326400
2025-05-14 16:57:02 | INFO | ๐ค ะััะตั ะพัะฟัะฐะฒะปะตะฝ ะฟะพะปัะทะพะฒะฐัะตะปั 7310998030
2025-05-14 16:57:02 | INFO | ๐ค ะััะตั ะพัะฟัะฐะฒะปะตะฝ ะฒ Telegram
2025-05-14 16:57:02 | INFO | โ ะกะธะฝััะพะฝะธะทะฐัะธั ะทะฐะฒะตััะตะฝะฐ
